<?xml version="1.0" encoding="UTF-8"?>
<testsuite xmlns:xsi="http://www.w3.org/2001/XMLSchema-instance" xsi:noNamespaceSchemaLocation="https://maven.apache.org/surefire/maven-surefire-plugin/xsd/surefire-test-report-3.0.xsd" version="3.0" name="com.kupanga.api.ApiApplicationTests" time="12.724" tests="1" errors="0" skipped="0" failures="0">
  <properties>
[...]
</properties>
  <testcase name="contextLoads" classname="com.kupanga.api.ApiApplicationTests" time="0.054">
    <system-out><![CDATA[01:08:01.320 [main] INFO org.springframework.test.context.support.AnnotationConfigContextLoaderUtils -- Could not detect default configuration classes for test class [com.kupanga.api.ApiApplicationTests]: ApiApplicationTests does not declare any static, non-private, non-final, nested classes annotated with @Configuration.
01:08:01.458 [main] INFO org.springframework.boot.test.context.SpringBootTestContextBootstrapper -- Found @SpringBootConfiguration com.kupanga.api.ApiApplication for test class com.kupanga.api.ApiApplicationTests

  .   ____          _            __ _ _
 /\\ / ___'_ __ _ _(_)_ __  __ _ \ \ \ \
( ( )\___ | '_ | '_| | '_ \/ _` | \ \ \ \
 \\/  ___)| |_)| | | | | || (_| |  ) ) ) )
  '  |____| .__|_| |_|_| |_\__, | / / / /
 =========|_|==============|___/=/_/_/_/
 :: Spring Boot ::                (v3.2.2)

2026-03-24T01:08:02.011+01:00  INFO 27160 --- [kupanga] [           main] com.kupanga.api.ApiApplicationTests      : Starting ApiApplicationTests using Java 21.0.8 with PID 27160 (started by Leclerc in C:\Users\Leclerc\Workflow\BackEnd\Java\SpringBoot\Kupanga\kupanga-Api)
2026-03-24T01:08:02.013+01:00  INFO 27160 --- [kupanga] [           main] com.kupanga.api.ApiApplicationTests      : The following 1 profile is active: "test"
2026-03-24T01:08:03.243+01:00  INFO 27160 --- [kupanga] [           main] .s.d.r.c.RepositoryConfigurationDelegate : Multiple Spring Data modules found, entering strict repository configuration mode
2026-03-24T01:08:03.245+01:00  INFO 27160 --- [kupanga] [           main] .s.d.r.c.RepositoryConfigurationDelegate : Bootstrapping Spring Data JPA repositories in DEFAULT mode.
2026-03-24T01:08:03.469+01:00  INFO 27160 --- [kupanga] [           main] .s.d.r.c.RepositoryConfigurationDelegate : Finished Spring Data repository scanning in 213 ms. Found 9 JPA repository interfaces.
2026-03-24T01:08:03.493+01:00  INFO 27160 --- [kupanga] [           main] .s.d.r.c.RepositoryConfigurationDelegate : Multiple Spring Data modules found, entering strict repository configuration mode
2026-03-24T01:08:03.495+01:00  INFO 27160 --- [kupanga] [           main] .s.d.r.c.RepositoryConfigurationDelegate : Bootstrapping Spring Data Redis repositories in DEFAULT mode.
2026-03-24T01:08:03.522+01:00  INFO 27160 --- [kupanga] [           main] .RepositoryConfigurationExtensionSupport : Spring Data Redis - Could not safely identify store assignment for repository candidate interface com.kupanga.api.authentification.repository.PasswordResetTokenRepository; If you want this repository to be a Redis repository, consider annotating your entities with one of these annotations: org.springframework.data.redis.core.RedisHash (preferred), or consider extending one of the following types with your repository: org.springframework.data.keyvalue.repository.KeyValueRepository
2026-03-24T01:08:03.523+01:00  INFO 27160 --- [kupanga] [           main] .RepositoryConfigurationExtensionSupport : Spring Data Redis - Could not safely identify store assignment for repository candidate interface com.kupanga.api.authentification.repository.RefreshTokenRepository; If you want this repository to be a Redis repository, consider annotating your entities with one of these annotations: org.springframework.data.redis.core.RedisHash (preferred), or consider extending one of the following types with your repository: org.springframework.data.keyvalue.repository.KeyValueRepository
2026-03-24T01:08:03.523+01:00  INFO 27160 --- [kupanga] [           main] .RepositoryConfigurationExtensionSupport : Spring Data Redis - Could not safely identify store assignment for repository candidate interface com.kupanga.api.immobilier.repository.BienImageRepository; If you want this repository to be a Redis repository, consider annotating your entities with one of these annotations: org.springframework.data.redis.core.RedisHash (preferred), or consider extending one of the following types with your repository: org.springframework.data.keyvalue.repository.KeyValueRepository
2026-03-24T01:08:03.524+01:00  INFO 27160 --- [kupanga] [           main] .RepositoryConfigurationExtensionSupport : Spring Data Redis - Could not safely identify store assignment for repository candidate interface com.kupanga.api.immobilier.repository.BienPoiRepository; If you want this repository to be a Redis repository, consider annotating your entities with one of these annotations: org.springframework.data.redis.core.RedisHash (preferred), or consider extending one of the following types with your repository: org.springframework.data.keyvalue.repository.KeyValueRepository
2026-03-24T01:08:03.524+01:00  INFO 27160 --- [kupanga] [           main] .RepositoryConfigurationExtensionSupport : Spring Data Redis - Could not safely identify store assignment for repository candidate interface com.kupanga.api.immobilier.repository.BienRepository; If you want this repository to be a Redis repository, consider annotating your entities with one of these annotations: org.springframework.data.redis.core.RedisHash (preferred), or consider extending one of the following types with your repository: org.springframework.data.keyvalue.repository.KeyValueRepository
2026-03-24T01:08:03.524+01:00  INFO 27160 --- [kupanga] [           main] .RepositoryConfigurationExtensionSupport : Spring Data Redis - Could not safely identify store assignment for repository candidate interface com.kupanga.api.immobilier.repository.ContratRepository; If you want this repository to be a Redis repository, consider annotating your entities with one of these annotations: org.springframework.data.redis.core.RedisHash (preferred), or consider extending one of the following types with your repository: org.springframework.data.keyvalue.repository.KeyValueRepository
2026-03-24T01:08:03.524+01:00  INFO 27160 --- [kupanga] [           main] .RepositoryConfigurationExtensionSupport : Spring Data Redis - Could not safely identify store assignment for repository candidate interface com.kupanga.api.immobilier.repository.EtatDesLieuxRepository; If you want this repository to be a Redis repository, consider annotating your entities with one of these annotations: org.springframework.data.redis.core.RedisHash (preferred), or consider extending one of the following types with your repository: org.springframework.data.keyvalue.repository.KeyValueRepository
2026-03-24T01:08:03.526+01:00  INFO 27160 --- [kupanga] [           main] .RepositoryConfigurationExtensionSupport : Spring Data Redis - Could not safely identify store assignment for repository candidate interface com.kupanga.api.immobilier.repository.QuittanceRepository; If you want this repository to be a Redis repository, consider annotating your entities with one of these annotations: org.springframework.data.redis.core.RedisHash (preferred), or consider extending one of the following types with your repository: org.springframework.data.keyvalue.repository.KeyValueRepository
2026-03-24T01:08:03.526+01:00  INFO 27160 --- [kupanga] [           main] .RepositoryConfigurationExtensionSupport : Spring Data Redis - Could not safely identify store assignment for repository candidate interface com.kupanga.api.user.repository.UserRepository; If you want this repository to be a Redis repository, consider annotating your entities with one of these annotations: org.springframework.data.redis.core.RedisHash (preferred), or consider extending one of the following types with your repository: org.springframework.data.keyvalue.repository.KeyValueRepository
2026-03-24T01:08:03.526+01:00  INFO 27160 --- [kupanga] [           main] .s.d.r.c.RepositoryConfigurationDelegate : Finished Spring Data repository scanning in 18 ms. Found 0 Redis repository interfaces.
2026-03-24T01:08:06.359+01:00  INFO 27160 --- [kupanga] [           main] o.hibernate.jpa.internal.util.LogHelper  : HHH000204: Processing PersistenceUnitInfo [name: default]
2026-03-24T01:08:06.600+01:00  INFO 27160 --- [kupanga] [           main] org.hibernate.Version                    : HHH000412: Hibernate ORM core version 6.4.1.Final
2026-03-24T01:08:06.630+01:00  INFO 27160 --- [kupanga] [           main] o.h.spatial.integration.SpatialService   : HHH80000001: hibernate-spatial integration enabled : true
2026-03-24T01:08:06.702+01:00  INFO 27160 --- [kupanga] [           main] o.h.c.internal.RegionFactoryInitiator    : HHH000026: Second-level cache disabled
2026-03-24T01:08:06.898+01:00  INFO 27160 --- [kupanga] [           main] com.zaxxer.hikari.HikariDataSource       : HikariPool-1 - Starting...
2026-03-24T01:08:07.103+01:00  INFO 27160 --- [kupanga] [           main] com.zaxxer.hikari.pool.HikariPool        : HikariPool-1 - Added connection org.postgresql.jdbc.PgConnection@129e45eb
2026-03-24T01:08:07.105+01:00  INFO 27160 --- [kupanga] [           main] com.zaxxer.hikari.HikariDataSource       : HikariPool-1 - Start completed.
2026-03-24T01:08:07.217+01:00  INFO 27160 --- [kupanga] [           main] org.hibernate.spatial                    : HHH80000003: hibernate-spatial adding type contributions from : org.hibernate.spatial.dialect.postgis.PostgisDialectContributor
2026-03-24T01:08:07.309+01:00  INFO 27160 --- [kupanga] [           main] o.s.o.j.p.SpringPersistenceUnitInfo      : No LoadTimeWeaver setup: ignoring JPA class transformer
2026-03-24T01:08:07.400+01:00  INFO 27160 --- [kupanga] [           main] org.hibernate.spatial                    : HHH80000003: hibernate-spatial adding type contributions from : org.hibernate.spatial.dialect.postgis.PostgisDialectContributor
2026-03-24T01:08:08.246+01:00  INFO 27160 --- [kupanga] [           main] org.hibernate.spatial                    : HHH80000004: hibernate-spatial adding function contributions from : org.hibernate.spatial.dialect.postgis.PostgisDialectContributor
2026-03-24T01:08:08.518+01:00  INFO 27160 --- [kupanga] [           main] o.h.m.i.EntityInstantiatorPojoStandard   : HHH000182: No default (no-argument) constructor for class: com.kupanga.api.chat.entity.Message (class must be instantiated by Interceptor)
2026-03-24T01:08:08.622+01:00  INFO 27160 --- [kupanga] [           main] o.h.m.i.EntityInstantiatorPojoStandard   : HHH000182: No default (no-argument) constructor for class: com.kupanga.api.immobilier.entity.Document (class must be instantiated by Interceptor)
2026-03-24T01:08:09.150+01:00  INFO 27160 --- [kupanga] [           main] o.h.e.t.j.p.i.JtaPlatformInitiator       : HHH000489: No JTA platform available (set 'hibernate.transaction.jta.platform' to enable JTA platform integration)
Hibernate: 
    alter table if exists bien_images 
       drop constraint if exists FKhaxr2hjukupcdht5a27320hgi
2026-03-24T01:08:09.175+01:00  WARN 27160 --- [kupanga] [           main] o.h.engine.jdbc.spi.SqlExceptionHelper   : SQL Warning Code: 0, SQLState: 00000
2026-03-24T01:08:09.176+01:00  WARN 27160 --- [kupanga] [           main] o.h.engine.jdbc.spi.SqlExceptionHelper   : relation "bien_images" does not exist, skipping
Hibernate: 
    alter table if exists bien_poi 
       drop constraint if exists FKr924er807qeohvvm4jryae5sm
2026-03-24T01:08:09.178+01:00  WARN 27160 --- [kupanga] [           main] o.h.engine.jdbc.spi.SqlExceptionHelper   : SQL Warning Code: 0, SQLState: 00000
2026-03-24T01:08:09.178+01:00  WARN 27160 --- [kupanga] [           main] o.h.engine.jdbc.spi.SqlExceptionHelper   : relation "bien_poi" does not exist, skipping
Hibernate: 
    alter table if exists biens 
       drop constraint if exists FKlly8wemw4gnbhpnd8t403exp3
2026-03-24T01:08:09.179+01:00  WARN 27160 --- [kupanga] [           main] o.h.engine.jdbc.spi.SqlExceptionHelper   : SQL Warning Code: 0, SQLState: 00000
2026-03-24T01:08:09.179+01:00  WARN 27160 --- [kupanga] [           main] o.h.engine.jdbc.spi.SqlExceptionHelper   : relation "biens" does not exist, skipping
Hibernate: 
    alter table if exists biens 
       drop constraint if exists FKp8fdbptm8o7csqey8bl3mb03a
2026-03-24T01:08:09.181+01:00  WARN 27160 --- [kupanga] [           main] o.h.engine.jdbc.spi.SqlExceptionHelper   : SQL Warning Code: 0, SQLState: 00000
2026-03-24T01:08:09.181+01:00  WARN 27160 --- [kupanga] [           main] o.h.engine.jdbc.spi.SqlExceptionHelper   : relation "biens" does not exist, skipping
Hibernate: 
    alter table if exists cles_remises 
       drop constraint if exists FK6r3w4bgnmcgkka8j8hf3vftdq
2026-03-24T01:08:09.182+01:00  WARN 27160 --- [kupanga] [           main] o.h.engine.jdbc.spi.SqlExceptionHelper   : SQL Warning Code: 0, SQLState: 00000
2026-03-24T01:08:09.183+01:00  WARN 27160 --- [kupanga] [           main] o.h.engine.jdbc.spi.SqlExceptionHelper   : relation "cles_remises" does not exist, skipping
Hibernate: 
    alter table if exists compteur_releves 
       drop constraint if exists FKdpspxdr02aip0c8dbvpfmjlf3
2026-03-24T01:08:09.184+01:00  WARN 27160 --- [kupanga] [           main] o.h.engine.jdbc.spi.SqlExceptionHelper   : SQL Warning Code: 0, SQLState: 00000
2026-03-24T01:08:09.184+01:00  WARN 27160 --- [kupanga] [           main] o.h.engine.jdbc.spi.SqlExceptionHelper   : relation "compteur_releves" does not exist, skipping
Hibernate: 
    alter table if exists contrats 
       drop constraint if exists FKr3wq5o6q237xsjrro4lfj0o7x
2026-03-24T01:08:09.185+01:00  WARN 27160 --- [kupanga] [           main] o.h.engine.jdbc.spi.SqlExceptionHelper   : SQL Warning Code: 0, SQLState: 00000
2026-03-24T01:08:09.185+01:00  WARN 27160 --- [kupanga] [           main] o.h.engine.jdbc.spi.SqlExceptionHelper   : relation "contrats" does not exist, skipping
Hibernate: 
    alter table if exists contrats 
       drop constraint if exists FK9cm5nfrvspby93mtp0x7ooxdl
2026-03-24T01:08:09.187+01:00  WARN 27160 --- [kupanga] [           main] o.h.engine.jdbc.spi.SqlExceptionHelper   : SQL Warning Code: 0, SQLState: 00000
2026-03-24T01:08:09.187+01:00  WARN 27160 --- [kupanga] [           main] o.h.engine.jdbc.spi.SqlExceptionHelper   : relation "contrats" does not exist, skipping
Hibernate: 
    alter table if exists contrats 
       drop constraint if exists FKjhpw8o6nc94qjk77n0wkurt48
2026-03-24T01:08:09.188+01:00  WARN 27160 --- [kupanga] [           main] o.h.engine.jdbc.spi.SqlExceptionHelper   : SQL Warning Code: 0, SQLState: 00000
2026-03-24T01:08:09.189+01:00  WARN 27160 --- [kupanga] [           main] o.h.engine.jdbc.spi.SqlExceptionHelper   : relation "contrats" does not exist, skipping
Hibernate: 
    alter table if exists documents 
       drop constraint if exists FKle09nbo7r3xb9ukpya3u1n1ms
2026-03-24T01:08:09.190+01:00  WARN 27160 --- [kupanga] [           main] o.h.engine.jdbc.spi.SqlExceptionHelper   : SQL Warning Code: 0, SQLState: 00000
2026-03-24T01:08:09.190+01:00  WARN 27160 --- [kupanga] [           main] o.h.engine.jdbc.spi.SqlExceptionHelper   : relation "documents" does not exist, skipping
Hibernate: 
    alter table if exists elements_edl 
       drop constraint if exists FKnnxdbfru20wx6m0bfqe9w7v98
2026-03-24T01:08:09.192+01:00  WARN 27160 --- [kupanga] [           main] o.h.engine.jdbc.spi.SqlExceptionHelper   : SQL Warning Code: 0, SQLState: 00000
2026-03-24T01:08:09.193+01:00  WARN 27160 --- [kupanga] [           main] o.h.engine.jdbc.spi.SqlExceptionHelper   : relation "elements_edl" does not exist, skipping
Hibernate: 
    alter table if exists etats_des_lieux 
       drop constraint if exists FKl3ijkk7d99spobjscvr5o4kdq
2026-03-24T01:08:09.194+01:00  WARN 27160 --- [kupanga] [           main] o.h.engine.jdbc.spi.SqlExceptionHelper   : SQL Warning Code: 0, SQLState: 00000
2026-03-24T01:08:09.194+01:00  WARN 27160 --- [kupanga] [           main] o.h.engine.jdbc.spi.SqlExceptionHelper   : relation "etats_des_lieux" does not exist, skipping
Hibernate: 
    alter table if exists etats_des_lieux 
       drop constraint if exists FKdps22jyo3r45gm9v4t17jmyqe
2026-03-24T01:08:09.195+01:00  WARN 27160 --- [kupanga] [           main] o.h.engine.jdbc.spi.SqlExceptionHelper   : SQL Warning Code: 0, SQLState: 00000
2026-03-24T01:08:09.195+01:00  WARN 27160 --- [kupanga] [           main] o.h.engine.jdbc.spi.SqlExceptionHelper   : relation "etats_des_lieux" does not exist, skipping
Hibernate: 
    alter table if exists etats_des_lieux 
       drop constraint if exists FK6xudhiepooktq40aw16ej5lcu
2026-03-24T01:08:09.196+01:00  WARN 27160 --- [kupanga] [           main] o.h.engine.jdbc.spi.SqlExceptionHelper   : SQL Warning Code: 0, SQLState: 00000
2026-03-24T01:08:09.197+01:00  WARN 27160 --- [kupanga] [           main] o.h.engine.jdbc.spi.SqlExceptionHelper   : relation "etats_des_lieux" does not exist, skipping
Hibernate: 
    alter table if exists messages 
       drop constraint if exists FKooutxf2y1rb88xeu60skema3k
2026-03-24T01:08:09.198+01:00  WARN 27160 --- [kupanga] [           main] o.h.engine.jdbc.spi.SqlExceptionHelper   : SQL Warning Code: 0, SQLState: 00000
2026-03-24T01:08:09.198+01:00  WARN 27160 --- [kupanga] [           main] o.h.engine.jdbc.spi.SqlExceptionHelper   : relation "messages" does not exist, skipping
Hibernate: 
    alter table if exists messages 
       drop constraint if exists FK5l9s42yu58fqoub9h813gcyhg
2026-03-24T01:08:09.199+01:00  WARN 27160 --- [kupanga] [           main] o.h.engine.jdbc.spi.SqlExceptionHelper   : SQL Warning Code: 0, SQLState: 00000
2026-03-24T01:08:09.199+01:00  WARN 27160 --- [kupanga] [           main] o.h.engine.jdbc.spi.SqlExceptionHelper   : relation "messages" does not exist, skipping
Hibernate: 
    alter table if exists messages 
       drop constraint if exists FKbelx2r98ik8po0o4hb2x7cdn9
2026-03-24T01:08:09.200+01:00  WARN 27160 --- [kupanga] [           main] o.h.engine.jdbc.spi.SqlExceptionHelper   : SQL Warning Code: 0, SQLState: 00000
2026-03-24T01:08:09.201+01:00  WARN 27160 --- [kupanga] [           main] o.h.engine.jdbc.spi.SqlExceptionHelper   : relation "messages" does not exist, skipping
Hibernate: 
    alter table if exists password_reset_token 
       drop constraint if exists FK5j044vcnlsd5h3qvh1272t0qd
2026-03-24T01:08:09.203+01:00  WARN 27160 --- [kupanga] [           main] o.h.engine.jdbc.spi.SqlExceptionHelper   : SQL Warning Code: 0, SQLState: 00000
2026-03-24T01:08:09.203+01:00  WARN 27160 --- [kupanga] [           main] o.h.engine.jdbc.spi.SqlExceptionHelper   : relation "password_reset_token" does not exist, skipping
Hibernate: 
    alter table if exists pieces_edl 
       drop constraint if exists FKn5t2q8gg5aw2dgjphha9u8w0c
2026-03-24T01:08:09.204+01:00  WARN 27160 --- [kupanga] [           main] o.h.engine.jdbc.spi.SqlExceptionHelper   : SQL Warning Code: 0, SQLState: 00000
2026-03-24T01:08:09.204+01:00  WARN 27160 --- [kupanga] [           main] o.h.engine.jdbc.spi.SqlExceptionHelper   : relation "pieces_edl" does not exist, skipping
Hibernate: 
    alter table if exists quittances 
       drop constraint if exists FKbj9p4dh245awh7qr1t23olwtd
2026-03-24T01:08:09.206+01:00  WARN 27160 --- [kupanga] [           main] o.h.engine.jdbc.spi.SqlExceptionHelper   : SQL Warning Code: 0, SQLState: 00000
2026-03-24T01:08:09.206+01:00  WARN 27160 --- [kupanga] [           main] o.h.engine.jdbc.spi.SqlExceptionHelper   : relation "quittances" does not exist, skipping
Hibernate: 
    alter table if exists quittances 
       drop constraint if exists FK7w5cxardpd19hu5nj4t52cv2q
2026-03-24T01:08:09.207+01:00  WARN 27160 --- [kupanga] [           main] o.h.engine.jdbc.spi.SqlExceptionHelper   : SQL Warning Code: 0, SQLState: 00000
2026-03-24T01:08:09.207+01:00  WARN 27160 --- [kupanga] [           main] o.h.engine.jdbc.spi.SqlExceptionHelper   : relation "quittances" does not exist, skipping
Hibernate: 
    alter table if exists quittances 
       drop constraint if exists FKbnwv9j7w15evpiobxh3jpr70c
2026-03-24T01:08:09.209+01:00  WARN 27160 --- [kupanga] [           main] o.h.engine.jdbc.spi.SqlExceptionHelper   : SQL Warning Code: 0, SQLState: 00000
2026-03-24T01:08:09.209+01:00  WARN 27160 --- [kupanga] [           main] o.h.engine.jdbc.spi.SqlExceptionHelper   : relation "quittances" does not exist, skipping
Hibernate: 
    alter table if exists quittances 
       drop constraint if exists FK1gh45lm15mc47cdwqthsa5qaa
2026-03-24T01:08:09.210+01:00  WARN 27160 --- [kupanga] [           main] o.h.engine.jdbc.spi.SqlExceptionHelper   : SQL Warning Code: 0, SQLState: 00000
2026-03-24T01:08:09.210+01:00  WARN 27160 --- [kupanga] [           main] o.h.engine.jdbc.spi.SqlExceptionHelper   : relation "quittances" does not exist, skipping
Hibernate: 
    alter table if exists refresh_token 
       drop constraint if exists FK8k11b29kqjsa4lpaj9vvheq7o
2026-03-24T01:08:09.211+01:00  WARN 27160 --- [kupanga] [           main] o.h.engine.jdbc.spi.SqlExceptionHelper   : SQL Warning Code: 0, SQLState: 00000
2026-03-24T01:08:09.211+01:00  WARN 27160 --- [kupanga] [           main] o.h.engine.jdbc.spi.SqlExceptionHelper   : relation "refresh_token" does not exist, skipping
Hibernate: 
    drop table if exists bien_images cascade
2026-03-24T01:08:09.213+01:00  WARN 27160 --- [kupanga] [           main] o.h.engine.jdbc.spi.SqlExceptionHelper   : SQL Warning Code: 0, SQLState: 00000
2026-03-24T01:08:09.213+01:00  WARN 27160 --- [kupanga] [           main] o.h.engine.jdbc.spi.SqlExceptionHelper   : table "bien_images" does not exist, skipping
Hibernate: 
    drop table if exists bien_poi cascade
2026-03-24T01:08:09.214+01:00  WARN 27160 --- [kupanga] [           main] o.h.engine.jdbc.spi.SqlExceptionHelper   : SQL Warning Code: 0, SQLState: 00000
2026-03-24T01:08:09.214+01:00  WARN 27160 --- [kupanga] [           main] o.h.engine.jdbc.spi.SqlExceptionHelper   : table "bien_poi" does not exist, skipping
Hibernate: 
    drop table if exists biens cascade
2026-03-24T01:08:09.215+01:00  WARN 27160 --- [kupanga] [           main] o.h.engine.jdbc.spi.SqlExceptionHelper   : SQL Warning Code: 0, SQLState: 00000
2026-03-24T01:08:09.215+01:00  WARN 27160 --- [kupanga] [           main] o.h.engine.jdbc.spi.SqlExceptionHelper   : table "biens" does not exist, skipping
Hibernate: 
    drop table if exists cles_remises cascade
2026-03-24T01:08:09.216+01:00  WARN 27160 --- [kupanga] [           main] o.h.engine.jdbc.spi.SqlExceptionHelper   : SQL Warning Code: 0, SQLState: 00000
2026-03-24T01:08:09.216+01:00  WARN 27160 --- [kupanga] [           main] o.h.engine.jdbc.spi.SqlExceptionHelper   : table "cles_remises" does not exist, skipping
Hibernate: 
    drop table if exists compteur_releves cascade
2026-03-24T01:08:09.217+01:00  WARN 27160 --- [kupanga] [           main] o.h.engine.jdbc.spi.SqlExceptionHelper   : SQL Warning Code: 0, SQLState: 00000
2026-03-24T01:08:09.217+01:00  WARN 27160 --- [kupanga] [           main] o.h.engine.jdbc.spi.SqlExceptionHelper   : table "compteur_releves" does not exist, skipping
Hibernate: 
    drop table if exists contrats cascade
2026-03-24T01:08:09.218+01:00  WARN 27160 --- [kupanga] [           main] o.h.engine.jdbc.spi.SqlExceptionHelper   : SQL Warning Code: 0, SQLState: 00000
2026-03-24T01:08:09.218+01:00  WARN 27160 --- [kupanga] [           main] o.h.engine.jdbc.spi.SqlExceptionHelper   : table "contrats" does not exist, skipping
Hibernate: 
    drop table if exists documents cascade
2026-03-24T01:08:09.219+01:00  WARN 27160 --- [kupanga] [           main] o.h.engine.jdbc.spi.SqlExceptionHelper   : SQL Warning Code: 0, SQLState: 00000
2026-03-24T01:08:09.219+01:00  WARN 27160 --- [kupanga] [           main] o.h.engine.jdbc.spi.SqlExceptionHelper   : table "documents" does not exist, skipping
Hibernate: 
    drop table if exists elements_edl cascade
2026-03-24T01:08:09.221+01:00  WARN 27160 --- [kupanga] [           main] o.h.engine.jdbc.spi.SqlExceptionHelper   : SQL Warning Code: 0, SQLState: 00000
2026-03-24T01:08:09.221+01:00  WARN 27160 --- [kupanga] [           main] o.h.engine.jdbc.spi.SqlExceptionHelper   : table "elements_edl" does not exist, skipping
Hibernate: 
    drop table if exists etats_des_lieux cascade
2026-03-24T01:08:09.222+01:00  WARN 27160 --- [kupanga] [           main] o.h.engine.jdbc.spi.SqlExceptionHelper   : SQL Warning Code: 0, SQLState: 00000
2026-03-24T01:08:09.222+01:00  WARN 27160 --- [kupanga] [           main] o.h.engine.jdbc.spi.SqlExceptionHelper   : table "etats_des_lieux" does not exist, skipping
Hibernate: 
    drop table if exists messages cascade
2026-03-24T01:08:09.223+01:00  WARN 27160 --- [kupanga] [           main] o.h.engine.jdbc.spi.SqlExceptionHelper   : SQL Warning Code: 0, SQLState: 00000
2026-03-24T01:08:09.224+01:00  WARN 27160 --- [kupanga] [           main] o.h.engine.jdbc.spi.SqlExceptionHelper   : table "messages" does not exist, skipping
Hibernate: 
    drop table if exists password_reset_token cascade
2026-03-24T01:08:09.225+01:00  WARN 27160 --- [kupanga] [           main] o.h.engine.jdbc.spi.SqlExceptionHelper   : SQL Warning Code: 0, SQLState: 00000
2026-03-24T01:08:09.225+01:00  WARN 27160 --- [kupanga] [           main] o.h.engine.jdbc.spi.SqlExceptionHelper   : table "password_reset_token" does not exist, skipping
Hibernate: 
    drop table if exists pieces_edl cascade
2026-03-24T01:08:09.226+01:00  WARN 27160 --- [kupanga] [           main] o.h.engine.jdbc.spi.SqlExceptionHelper   : SQL Warning Code: 0, SQLState: 00000
2026-03-24T01:08:09.226+01:00  WARN 27160 --- [kupanga] [           main] o.h.engine.jdbc.spi.SqlExceptionHelper   : table "pieces_edl" does not exist, skipping
Hibernate: 
    drop table if exists quittances cascade
2026-03-24T01:08:09.227+01:00  WARN 27160 --- [kupanga] [           main] o.h.engine.jdbc.spi.SqlExceptionHelper   : SQL Warning Code: 0, SQLState: 00000
2026-03-24T01:08:09.227+01:00  WARN 27160 --- [kupanga] [           main] o.h.engine.jdbc.spi.SqlExceptionHelper   : table "quittances" does not exist, skipping
Hibernate: 
    drop table if exists refresh_token cascade
2026-03-24T01:08:09.228+01:00  WARN 27160 --- [kupanga] [           main] o.h.engine.jdbc.spi.SqlExceptionHelper   : SQL Warning Code: 0, SQLState: 00000
2026-03-24T01:08:09.228+01:00  WARN 27160 --- [kupanga] [           main] o.h.engine.jdbc.spi.SqlExceptionHelper   : table "refresh_token" does not exist, skipping
Hibernate: 
    drop table if exists utilisateurs cascade
2026-03-24T01:08:09.230+01:00  WARN 27160 --- [kupanga] [           main] o.h.engine.jdbc.spi.SqlExceptionHelper   : SQL Warning Code: 0, SQLState: 00000
2026-03-24T01:08:09.230+01:00  WARN 27160 --- [kupanga] [           main] o.h.engine.jdbc.spi.SqlExceptionHelper   : table "utilisateurs" does not exist, skipping
Hibernate: 
    create table bien_images (
        bien_id bigint not null,
        id bigserial not null,
        url varchar(500) not null,
        primary key (id)
    )
Hibernate: 
    create table bien_poi (
        nombre_trouve integer not null,
        present boolean not null,
        rayon_metres float(53) not null,
        bien_id bigint not null,
        calcule_le timestamp(6),
        id bigserial not null,
        poi_type varchar(255) not null check (poi_type in ('SCHOOL','HOSPITAL','PHARMACY','KINDERGARTEN')),
        primary key (id)
    )
Hibernate: 
    create table biens (
        annee_construction integer,
        ascenseur boolean,
        charges_mensuelles float(53),
        colocation boolean,
        depot_garantie float(53),
        disponible_de date,
        etage integer,
        loyer_mensuel float(53),
        meuble boolean,
        nombre_chambres integer,
        nombre_pieces integer,
        surface_habitable float(53),
        created_at timestamp(6),
        id bigserial not null,
        locataire_id bigint,
        proprietaire_id bigint,
        updated_at timestamp(6),
        adresse varchar(255),
        classe_energie varchar(255) check (classe_energie in ('A','B','C','D','E','F','G')),
        classe_ges varchar(255) check (classe_ges in ('A','B','C','D','E','F','G')),
        code_postal varchar(255),
        description varchar(255),
        mode_chauffage varchar(255) check (mode_chauffage in ('ELECTRIQUE','GAZ','FIOUL','BOIS','POMPE_A_CHALEUR','POELE','COLLECTIF','SANS_CHAUFFAGE')),
        pays varchar(255),
        titre varchar(255),
        type_bien varchar(255) check (type_bien in ('APPARTEMENT','MAISON','STUDIO')),
        ville varchar(255),
        localisation geometry(Point, 4326),
        primary key (id)
    )
Hibernate: 
    create table cles_remises (
        quantite integer not null,
        etat_des_lieux_id bigint not null,
        id bigserial not null,
        type_cle varchar(255) not null,
        primary key (id)
    )
Hibernate: 
    create table compteur_releves (
        index float(53) not null,
        etat_des_lieux_id bigint not null,
        id bigserial not null,
        numero_compteur varchar(255),
        type_compteur varchar(255) not null check (type_compteur in ('EAU_FROIDE','EAU_CHAUDE','ELECTRICITE_HP','ELECTRICITE_HC','GAZ')),
        unite varchar(255),
        primary key (id)
    )
Hibernate: 
    create table contrats (
        charges_mensuelles float(53),
        date_debut date,
        date_fin date,
        depot_garantie float(53),
        duree_bail_mois integer,
        loyer_mensuel float(53),
        bien_id bigint not null,
        created_at timestamp(6),
        date_signature_locataire timestamp(6),
        date_signature_proprietaire timestamp(6),
        id bigserial not null,
        locataire_id bigint not null,
        proprietaire_id bigint not null,
        token_expiration timestamp(6),
        updated_at timestamp(6),
        url_pdf varchar(500),
        adresse_bien varchar(255),
        signature_locataire TEXT,
        signature_proprietaire TEXT,
        statut varchar(255) not null check (statut in ('BROUILLON','EN_ATTENTE_SIGNATURE_PROPRIO','EN_ATTENTE_SIGNATURE_LOCATAIRE','SIGNE','EXPIRE','ANNULE')),
        token_signature varchar(255) unique,
        primary key (id)
    )
Hibernate: 
    create table documents (
        date_ajout date,
        bien_id bigint,
        id bigserial not null,
        nom varchar(255),
        url varchar(255),
        primary key (id)
    )
Hibernate: 
    create table elements_edl (
        id bigserial not null,
        piece_id bigint not null,
        description varchar(255),
        etat_element varchar(255) not null check (etat_element in ('BON','USAGE_NORMAL','MAUVAIS','HORS_SERVICE')),
        observation TEXT,
        type_element varchar(255) not null check (type_element in ('MUR','PLAFOND','SOL','FENETRE','PORTE','VOLET','PRISE','LUMINAIRE','RADIATEUR','EQUIPEMENT','AUTRE')),
        primary key (id)
    )
Hibernate: 
    create table etats_des_lieux (
        date_realisation date not null,
        heure_realisation time(6),
        bien_id bigint not null,
        created_at timestamp(6),
        date_signature_locataire timestamp(6),
        date_signature_proprietaire timestamp(6),
        id bigserial not null,
        locataire_id bigint not null,
        proprietaire_id bigint not null,
        token_expiration timestamp(6),
        updated_at timestamp(6),
        url_pdf varchar(500),
        observations TEXT,
        signature_locataire TEXT,
        signature_proprietaire TEXT,
        statut varchar(255) not null check (statut in ('BROUILLON','EN_ATTENTE_SIGNATURE_PROPRIO','EN_ATTENTE_SIGNATURE_LOCATAIRE','SIGNE','EXPIRE')),
        token_signature varchar(255) unique,
        type varchar(255) not null check (type in ('ENTREE','SORTIE')),
        primary key (id)
    )
Hibernate: 
    create table messages (
        lu boolean,
        bien_id bigint,
        date_envoi timestamp(6),
        destinataire_id bigint,
        expediteur_id bigint,
        id bigserial not null,
        contenu varchar(255),
        primary key (id)
    )
Hibernate: 
    create table password_reset_token (
        expiration_date timestamp(6),
        id bigserial not null,
        user_id bigint unique,
        token varchar(255) unique,
        primary key (id)
    )
Hibernate: 
    create table pieces_edl (
        ordre integer,
        etat_des_lieux_id bigint not null,
        id bigserial not null,
        nom_piece varchar(255) not null,
        observations TEXT,
        primary key (id)
    )
Hibernate: 
    create table quittances (
        annee integer,
        charges_mensuelles float(53),
        date_echeance date,
        date_paiement date,
        loyer_mensuel float(53),
        montant_total float(53),
        bien_id bigint not null,
        contrat_id bigint,
        created_at timestamp(6),
        date_signature_proprietaire timestamp(6),
        id bigserial not null,
        locataire_id bigint not null,
        proprietaire_id bigint not null,
        updated_at timestamp(6),
        url_pdf varchar(500),
        mois varchar(255),
        signature_proprietaire TEXT,
        statut varchar(255) not null check (statut in ('EN_ATTENTE','PAYEE','EN_RETARD','IMPAYEE')),
        primary key (id)
    )
Hibernate: 
    create table refresh_token (
        revoked boolean,
        expiration timestamp(6) with time zone,
        id bigserial not null,
        user_id bigint not null unique,
        token varchar(255),
        primary key (id)
    )
Hibernate: 
    create table utilisateurs (
        a_completer_profil boolean,
        id bigserial not null,
        email varchar(255),
        mot_de_passe varchar(255),
        nom varchar(255),
        prenom varchar(255),
        role varchar(255) check (role in ('ROLE_PROPRIETAIRE','ROLE_LOCATAIRE','ROLE_ADMIN')),
        url_photo_profil varchar(255),
        primary key (id)
    )
Hibernate: 
    create index idx_bien_poi_bien_id 
       on bien_poi (bien_id)
Hibernate: 
    create index idx_bien_poi_type 
       on bien_poi (poi_type)
Hibernate: 
    create index idx_bien_poi_present 
       on bien_poi (bien_id, poi_type, present)
Hibernate: 
    alter table if exists bien_images 
       add constraint FKhaxr2hjukupcdht5a27320hgi 
       foreign key (bien_id) 
       references biens
Hibernate: 
    alter table if exists bien_poi 
       add constraint FKr924er807qeohvvm4jryae5sm 
       foreign key (bien_id) 
       references biens
Hibernate: 
    alter table if exists biens 
       add constraint FKlly8wemw4gnbhpnd8t403exp3 
       foreign key (locataire_id) 
       references utilisateurs
Hibernate: 
    alter table if exists biens 
       add constraint FKp8fdbptm8o7csqey8bl3mb03a 
       foreign key (proprietaire_id) 
       references utilisateurs
Hibernate: 
    alter table if exists cles_remises 
       add constraint FK6r3w4bgnmcgkka8j8hf3vftdq 
       foreign key (etat_des_lieux_id) 
       references etats_des_lieux
Hibernate: 
    alter table if exists compteur_releves 
       add constraint FKdpspxdr02aip0c8dbvpfmjlf3 
       foreign key (etat_des_lieux_id) 
       references etats_des_lieux
Hibernate: 
    alter table if exists contrats 
       add constraint FKr3wq5o6q237xsjrro4lfj0o7x 
       foreign key (bien_id) 
       references biens
Hibernate: 
    alter table if exists contrats 
       add constraint FK9cm5nfrvspby93mtp0x7ooxdl 
       foreign key (locataire_id) 
       references utilisateurs
Hibernate: 
    alter table if exists contrats 
       add constraint FKjhpw8o6nc94qjk77n0wkurt48 
       foreign key (proprietaire_id) 
       references utilisateurs
Hibernate: 
    alter table if exists documents 
       add constraint FKle09nbo7r3xb9ukpya3u1n1ms 
       foreign key (bien_id) 
       references biens
Hibernate: 
    alter table if exists elements_edl 
       add constraint FKnnxdbfru20wx6m0bfqe9w7v98 
       foreign key (piece_id) 
       references pieces_edl
Hibernate: 
    alter table if exists etats_des_lieux 
       add constraint FKl3ijkk7d99spobjscvr5o4kdq 
       foreign key (bien_id) 
       references biens
Hibernate: 
    alter table if exists etats_des_lieux 
       add constraint FKdps22jyo3r45gm9v4t17jmyqe 
       foreign key (locataire_id) 
       references utilisateurs
Hibernate: 
    alter table if exists etats_des_lieux 
       add constraint FK6xudhiepooktq40aw16ej5lcu 
       foreign key (proprietaire_id) 
       references utilisateurs
Hibernate: 
    alter table if exists messages 
       add constraint FKooutxf2y1rb88xeu60skema3k 
       foreign key (bien_id) 
       references biens
Hibernate: 
    alter table if exists messages 
       add constraint FK5l9s42yu58fqoub9h813gcyhg 
       foreign key (destinataire_id) 
       references utilisateurs
Hibernate: 
    alter table if exists messages 
       add constraint FKbelx2r98ik8po0o4hb2x7cdn9 
       foreign key (expediteur_id) 
       references utilisateurs
Hibernate: 
    alter table if exists password_reset_token 
       add constraint FK5j044vcnlsd5h3qvh1272t0qd 
       foreign key (user_id) 
       references utilisateurs
Hibernate: 
    alter table if exists pieces_edl 
       add constraint FKn5t2q8gg5aw2dgjphha9u8w0c 
       foreign key (etat_des_lieux_id) 
       references etats_des_lieux
Hibernate: 
    alter table if exists quittances 
       add constraint FKbj9p4dh245awh7qr1t23olwtd 
       foreign key (bien_id) 
       references biens
Hibernate: 
    alter table if exists quittances 
       add constraint FK7w5cxardpd19hu5nj4t52cv2q 
       foreign key (contrat_id) 
       references contrats
Hibernate: 
    alter table if exists quittances 
       add constraint FKbnwv9j7w15evpiobxh3jpr70c 
       foreign key (locataire_id) 
       references utilisateurs
Hibernate: 
    alter table if exists quittances 
       add constraint FK1gh45lm15mc47cdwqthsa5qaa 
       foreign key (proprietaire_id) 
       references utilisateurs
Hibernate: 
    alter table if exists refresh_token 
       add constraint FK8k11b29kqjsa4lpaj9vvheq7o 
       foreign key (user_id) 
       references utilisateurs
2026-03-24T01:08:09.509+01:00  INFO 27160 --- [kupanga] [           main] j.LocalContainerEntityManagerFactoryBean : Initialized JPA EntityManagerFactory for persistence unit 'default'
2026-03-24T01:08:10.270+01:00  INFO 27160 --- [kupanga] [           main] o.s.d.j.r.query.QueryEnhancerFactory     : Hibernate is in classpath; If applicable, HQL parser will be used.
2026-03-24T01:08:12.097+01:00  WARN 27160 --- [kupanga] [           main] JpaBaseConfiguration$JpaWebConfiguration : spring.jpa.open-in-view is enabled by default. Therefore, database queries may be performed during view rendering. Explicitly configure spring.jpa.open-in-view to disable this warning
2026-03-24T01:08:12.570+01:00  INFO 27160 --- [kupanga] [           main] o.s.s.web.DefaultSecurityFilterChain     : Will secure any request with [org.springframework.security.web.session.DisableEncodeUrlFilter@25b665ca, org.springframework.security.web.context.request.async.WebAsyncManagerIntegrationFilter@45ec7633, org.springframework.security.web.context.SecurityContextHolderFilter@3065a6ee, org.springframework.security.web.header.HeaderWriterFilter@52c3f893, org.springframework.web.filter.CorsFilter@12c338fe, org.springframework.security.web.authentication.logout.LogoutFilter@6f7a6cc9, com.kupanga.api.authentification.filter.JwtFilter@27e4aacc, org.springframework.security.web.savedrequest.RequestCacheAwareFilter@a741f59, org.springframework.security.web.servletapi.SecurityContextHolderAwareRequestFilter@232fc6a6, org.springframework.security.web.authentication.AnonymousAuthenticationFilter@316a03cf, org.springframework.security.web.access.ExceptionTranslationFilter@1bee92f9, org.springframework.security.web.access.intercept.AuthorizationFilter@50a4e4e]
2026-03-24T01:08:13.743+01:00  INFO 27160 --- [kupanga] [           main] com.kupanga.api.ApiApplicationTests      : Started ApiApplicationTests in 12.109 seconds (process running for 13.471)
]]></system-out>
    <system-err><![CDATA[WARNING: A Java agent has been loaded dynamically (C:\Users\Leclerc\.m2\repository\net\bytebuddy\byte-buddy-agent\1.14.11\byte-buddy-agent-1.14.11.jar)
WARNING: If a serviceability tool is in use, please run with -XX:+EnableDynamicAgentLoading to hide this warning
WARNING: If a serviceability tool is not in use, please run with -Djdk.instrument.traceUsage for more information
WARNING: Dynamic loading of agents will be disallowed by default in a future release
]]></system-err>
  </testcase>
</testsuite>